[ 2016-05-18T16:59:59+08:00 ] 127.0.0.1 /PHP_SCHOOL/code/index.php/Home/Index/index
INFO: [ app_init ] --START--
INFO: Run Behavior\BuildLiteBehavior [ RunTime:0.000000s ]
INFO: [ app_init ] --END-- [ RunTime:0.003000s ]
INFO: [ app_begin ] --START--
INFO: Run Behavior\ReadHtmlCacheBehavior [ RunTime:0.001000s ]
INFO: [ app_begin ] --END-- [ RunTime:0.002000s ]
SQL: SHOW COLUMNS FROM `legoushop_goods` [ RunTime:0.0380s ]
SQL: select name,price,img1,amount from legoushop.legoushop_goods order by amount DESC limit 4 [ RunTime:0.0000s ]
SQL: select name,price,img1,create_time from legoushop.legoushop_goods order by create_time DESC limit 5 [ RunTime:0.0010s ]
SQL: select name,price,discount_price,img1,discount_start_time,discount_end_time,create_time from legoushop.legoushop_goods where discount_status=1 and discount_start_time<now() and discount_end_time>now() order by create_time DESC limit 3 [ RunTime:0.0000s ]
INFO: [ view_parse ] --START--
INFO: [ template_filter ] --START--
INFO: Run Behavior\ContentReplaceBehavior [ RunTime:0.020001s ]
INFO: [ template_filter ] --END-- [ RunTime:0.020001s ]
INFO: Run Behavior\ParseTemplateBehavior [ RunTime:0.044002s ]
INFO: [ view_parse ] --END-- [ RunTime:0.044002s ]
INFO: [ view_filter ] --START--
INFO: Run Behavior\WriteHtmlCacheBehavior [ RunTime:0.000000s ]
INFO: [ view_filter ] --END-- [ RunTime:0.000000s ]
INFO: [ app_end ] --START--
INFO: Run Behavior\ShowPageTraceBehavior [ RunTime:0.001000s ]
INFO: [ app_end ] --END-- [ RunTime:0.001000s ]
NOTIC: [2] ini_set(): A session is active. You cannot change the session module's ini settings at this time F:\PHP_workspace\PHP_SCHOOL\code\index.php 第 31 行.

