[ 2016-05-25T11:45:48+08:00 ] 127.0.0.1 /PHP_SCHOOL/code/
INFO: [ app_init ] --START--
INFO: Run Behavior\BuildLiteBehavior [ RunTime:0.000000s ]
INFO: [ app_init ] --END-- [ RunTime:0.032002s ]
INFO: [ app_begin ] --START--
INFO: Run Behavior\ReadHtmlCacheBehavior [ RunTime:0.006000s ]
INFO: [ app_begin ] --END-- [ RunTime:0.006000s ]
SQL: SHOW COLUMNS FROM `legoushop_goods` [ RunTime:0.1220s ]
SQL: select name,price,img1,amount from legoushop.legoushop_goods order by amount DESC limit 4 [ RunTime:0.0020s ]
SQL: select name,price,img1,create_time from legoushop.legoushop_goods order by create_time DESC limit 5 [ RunTime:0.0000s ]
SQL: select name,price,discount_price,img1,discount_start_time,discount_end_time,create_time from legoushop.legoushop_goods where discount_status=1 and discount_start_time<now() and discount_end_time>now() order by create_time DESC limit 3 [ RunTime:0.0010s ]
INFO: [ view_parse ] --START--
INFO: [ template_filter ] --START--
INFO: Run Behavior\ContentReplaceBehavior [ RunTime:0.032002s ]
INFO: [ template_filter ] --END-- [ RunTime:0.032002s ]
INFO: Run Behavior\ParseTemplateBehavior [ RunTime:0.237013s ]
INFO: [ view_parse ] --END-- [ RunTime:0.237013s ]
INFO: [ view_filter ] --START--
INFO: Run Behavior\WriteHtmlCacheBehavior [ RunTime:0.023001s ]
INFO: [ view_filter ] --END-- [ RunTime:0.023001s ]
INFO: [ app_end ] --START--
INFO: Run Behavior\ShowPageTraceBehavior [ RunTime:0.027002s ]
INFO: [ app_end ] --END-- [ RunTime:0.028002s ]
NOTIC: [2] ini_set(): A session is active. You cannot change the session module's ini settings at this time F:\PHP_workspace\PHP_SCHOOL\code\index.php 第 31 行.

[ 2016-05-25T11:48:42+08:00 ] 127.0.0.1 /PHP_SCHOOL/code/index.php/Home/Search/index
INFO: [ app_init ] --START--
INFO: Run Behavior\BuildLiteBehavior [ RunTime:0.000000s ]
INFO: [ app_init ] --END-- [ RunTime:0.009000s ]
INFO: [ app_begin ] --START--
INFO: Run Behavior\ReadHtmlCacheBehavior [ RunTime:0.007001s ]
INFO: [ app_begin ] --END-- [ RunTime:0.007001s ]
SQL: SHOW COLUMNS FROM `legoushop_goods` [ RunTime:0.0300s ]
NOTIC: [8] Use of undefined constant pageNow - assumed 'pageNow' F:\PHP_workspace\PHP_SCHOOL\code\Application\Home\Model\GoodsModel.class.php 第 36 行.
NOTIC: [8] Use of undefined constant pageSize - assumed 'pageSize' F:\PHP_workspace\PHP_SCHOOL\code\Application\Home\Model\GoodsModel.class.php 第 36 行.
SQL: select name,brand,price,color,discount_price,img1,discount_start_time,discount_end_time,create_time from legoushop.legoushop_goods where keyword like '%手表%'  order by sale_num_month   DESC limit 0,9 [ RunTime:0.0010s ]
INFO: [ view_parse ] --START--
INFO: [ template_filter ] --START--
INFO: Run Behavior\ContentReplaceBehavior [ RunTime:0.000000s ]
INFO: [ template_filter ] --END-- [ RunTime:0.000000s ]
INFO: Run Behavior\ParseTemplateBehavior [ RunTime:0.114007s ]
INFO: [ view_parse ] --END-- [ RunTime:0.114007s ]
INFO: [ view_filter ] --START--
INFO: Run Behavior\WriteHtmlCacheBehavior [ RunTime:0.059003s ]
INFO: [ view_filter ] --END-- [ RunTime:0.059003s ]
INFO: [ app_end ] --START--
INFO: Run Behavior\ShowPageTraceBehavior [ RunTime:0.102006s ]
INFO: [ app_end ] --END-- [ RunTime:0.102006s ]
NOTIC: [2] ini_set(): A session is active. You cannot change the session module's ini settings at this time F:\PHP_workspace\PHP_SCHOOL\code\index.php 第 31 行.

